Arguments: 
  C:\ProgramData\nvm\v20.9.0\node.exe C:\Program Files (x86)\Yarn\bin\yarn.js install

PATH: 
  C:\tools\Anaconda3\Scripts;C:\tools\Anaconda3;C:\Users\coale\bin;C:\Program Files\Git\mingw64\bin;C:\Program Files\Git\usr\local\bin;C:\Program Files\Git\usr\bin;C:\Program Files\Git\usr\bin;C:\Program Files\Git\mingw64\bin;C:\Program Files\Git\usr\bin;C:\Users\coale\bin;C:\tools\Anaconda3\envs\LikesTokenEnv;C:\tools\Anaconda3\envs\LikesTokenEnv\Library\mingw-w64\bin;C:\tools\Anaconda3\envs\LikesTokenEnv\Library\usr\bin;C:\tools\Anaconda3\envs\LikesTokenEnv\Library\bin;C:\tools\Anaconda3\envs\LikesTokenEnv\Scripts;C:\tools\Anaconda3\envs\LikesTokenEnv\bin;C:\tools\Anaconda3\condabin;C:\Program Files\Git\mingw64\bin;C:\Program Files\Git\usr\bin;C:\Users\coale\bin;C:\Users\coale\AppData\Local\cloud-code\installer\google-cloud-sdk\bin;C:\Python312\Scripts;C:\Python312;C:\Windows\system32;C:\Windows;C:\Windows\System32\Wbem;C:\Windows\System32\WindowsPowerShell\v1.0;C:\Windows\System32\OpenSSH;C:\ProgramData\chocolatey\bin;C:\Program Files (x86)\GnuPG\bin;C:\Program Files\Docker\Docker\resources\bin;%NVM_HOME%;%NVM_SYMLINK%;C:\Program Files (x86)\Yarn\bin;C:\Program Files\Git\cmd;C:\Users\coale\AppData\Local\Microsoft\WindowsApps;C:\Users\coale\AppData\Local\Programs\Microsoft VS Code Insiders\bin;C:\ProgramData\nvm;C:\Program Files\nodejs;C:\Users\coale\AppData\Local\Yarn\bin;C:\Users\coale\AppData\Local\Google\Cloud SDK\google-cloud-sdk\bin;C:\Program Files (x86)\Google\Cloud SDK\google-cloud-sdk\bin;C:\Program Files\Google\Cloud SDK\google-cloud-sdk\bin;C:\Python312\Scripts;C:\Python312;C:\Windows\system32;C:\Windows;C:\Windows\System32\Wbem;C:\Windows\System32\WindowsPowerShell\v1.0;C:\Windows\System32\OpenSSH;C:\ProgramData\chocolatey\bin;C:\Program Files (x86)\GnuPG\bin;C:\Program Files\Docker\Docker\resources\bin;%NVM_HOME%;%NVM_SYMLINK%;C:\Program Files (x86)\Yarn\bin;C:\Program Files\Git\cmd;C:\Users\coale\AppData\Local\Microsoft\WindowsApps;C:\Users\coale\AppData\Local\Programs\Microsoft VS Code Insiders\bin;C:\ProgramData\nvm;C:\Program Files\nodejs;C:\Users\coale\AppData\Local\Yarn\bin;C:\Program Files\Git\usr\bin\vendor_perl;C:\Program Files\Git\usr\bin\core_perl

Yarn version: 
  1.22.19

Node version: 
  20.9.0

Platform: 
  win32 x64

Trace: 
  Error: https://registry.yarnpkg.com/openzeppelin%2fhardhat-upgrades: Request "https://registry.yarnpkg.com/openzeppelin%2fhardhat-upgrades" returned a 405
      at params.callback [as _callback] (C:\Program Files (x86)\Yarn\lib\cli.js:66154:18)
      at self.callback (C:\Program Files (x86)\Yarn\lib\cli.js:140890:22)
      at Request.emit (node:events:514:28)
      at Request.<anonymous> (C:\Program Files (x86)\Yarn\lib\cli.js:141862:10)
      at Request.emit (node:events:514:28)
      at IncomingMessage.<anonymous> (C:\Program Files (x86)\Yarn\lib\cli.js:141784:12)
      at Object.onceWrapper (node:events:628:28)
      at IncomingMessage.emit (node:events:526:35)
      at endReadableNT (node:internal/streams/readable:1408:12)
      at process.processTicksAndRejections (node:internal/process/task_queues:82:21)

npm manifest: 
  {
      "name": "LikesToken",
      "version": "0.2.0",
      "description": "Likes Token V2",
      "main": "index.js",
      "scripts": {
          "start": "node app.js",
          "build": "npx hardhat compile",
          "test": "echo \"Error: no test specified\" && exit 1"
      },
      "keywords": [
          "LikesToken",
          "LTXO"
      ],
      "author": "Team-XO",
      "license": "SPDX-License-Identifier: MIT",
      "devDependencies": {
          "@nomiclabs/hardhat-ethers": "^3.0.0-beta.0",
          "@nomiclabs/hardhat-waffle": "^2.0.6",
          "@openzeppelin/hardhat-upgrades": "^2.4.1",
          "chai": "^4.3.10",
          "ethereum-waffle": "^2.2.0",
          "ethers": "^6.1.0",
          "hardhat": "^2.19.0",
          "openzeppelin/hardhat-upgrades": "^2.4.1",
          "typescript": "^5.2.2"
      },
      "dependencies": {
          "@chainlink/contracts": "^0.5.1",
          "@gnosis.pm/safe-core-sdk": "^3.2.0",
          "@gnosis.pm/safe-ethers-lib": "^1.7.0",
          "@openzeppelin/contracts": "^4.9.3",
          "@openzeppelin/contracts-upgradeable": "^4.9.3",
          "@types/sinon-chai": "^3.2.11",
          "axios": "^1.6.0",
          "dotenv": "^16.3.1",
          "tough-cookie": "^4.1.3"
      }
  }

yarn manifest: 
  No manifest

Lockfile: 
  No lockfile
